[uDD::Log][2022-07-28 15:42:38] Start
[uDD::Log][2022-07-28 15:42:38] OS Version    : 10.0
[uDD::Log][2022-07-28 15:42:38] Build Number  : 22000
[uDD::Log][2022-07-28 15:42:38] Service Pack  : 
[uDD::Log][2022-07-28 15:42:38] Graphics Card [0] : NVIDIA GeForce RTX 3070
[uDD::Log][2022-07-28 15:42:38]   > Monitor[0] : \\.\DISPLAY1
[uDD::Log][2022-07-28 15:42:38]   > Monitor[1] : \\.\DISPLAY2
[uDD::Log][2022-07-28 15:42:38] Graphics Card [1] : Intel(R) UHD Graphics 630
[uDD::Log][2022-07-28 15:42:38] Graphics Card [2] : Microsoft Basic Render Driver
[uDD::Log][2022-07-28 15:42:38] Monitor::Initialized() =>
[uDD::Log][2022-07-28 15:42:38]     ID    : 0
[uDD::Log][2022-07-28 15:42:38]     Size  : (2560, 1440)
[uDD::Log][2022-07-28 15:42:38]     DPI   : (108, 107)
[uDD::Log][2022-07-28 15:42:38]     Rot   : Landscape
[uDD::Log][2022-07-28 15:42:38] Duplicator::Initialize() => OK.
[uDD::Log][2022-07-28 15:42:38] Monitor::Initialized() =>
[uDD::Log][2022-07-28 15:42:38]     ID    : 1
[uDD::Log][2022-07-28 15:42:38]     Size  : (1920, 1200)
[uDD::Log][2022-07-28 15:42:38]     DPI   : (93, 94)
[uDD::Log][2022-07-28 15:42:38]     Rot   : Landscape
[uDD::Log][2022-07-28 15:42:38] Duplicator::Initialize() => OK.
[uDD::Log][2022-07-28 15:47:41] Stop
